# JRE version: OpenJDK Runtime Environment Temurin-21.0.11+10 (21.0.11+10) (build 21.0.11+10-LTS)
# Java VM: OpenJDK 64-Bit Server VM Temurin-21.0.11+10 (21.0.11+10-LTS, mixed mode, sharing, tiered, compressed oops, compressed class ptrs, parallel gc, windows-amd64)
GC Precious Log:
 CardTable entry size: 512
 CPUs: 16 total, 16 available
 Memory: 6005M
 Large Page Support: Disabled
 NUMA Support: Disabled
 Compressed Oops: Enabled (32-bit)
 Alignments: Space 512K, Generation 512K, Heap 2M
 Heap Min Capacity: 100M
 Heap Initial Capacity: 100M
 Heap Max Capacity: 2G
 Pre-touch: Disabled
 Parallel Workers: 13
Heap:
 PSYoungGen      total 7168K, used 1994K [0x00000000d5580000, 0x00000000d5e80000, 0x0000000100000000)
  eden space 6144K, 24% used [0x00000000d5580000,0x00000000d56f1890,0x00000000d5b80000)
  from space 1024K, 50% used [0x00000000d5d80000,0x00000000d5e00fc0,0x00000000d5e80000)
  to   space 1024K, 0% used [0x00000000d5c80000,0x00000000d5c80000,0x00000000d5d80000)
 ParOldGen       total 677376K, used 674403K [0x0000000080000000, 0x00000000a9580000, 0x00000000d5580000)
  object space 677376K, 99% used [0x0000000080000000,0x00000000a9298fb8,0x00000000a9580000)
 Metaspace       used 81908K, committed 83520K, reserved 1179648K
  class space    used 8634K, committed 9344K, reserved 1048576K
GC Heap History (20 events):
Event: 487.635 GC heap before
{Heap before GC invocations=232 (full 3):
 PSYoungGen      total 4096K, used 3840K [0x00000000d5580000, 0x00000000d5b80000, 0x0000000100000000)
  eden space 2048K, 100% used [0x00000000d5580000,0x00000000d5780000,0x00000000d5780000)
  from space 2048K, 87% used [0x00000000d5980000,0x00000000d5b40000,0x00000000d5b80000)
  to   space 2048K, 0% used [0x00000000d5780000,0x00000000d5780000,0x00000000d5980000)
 ParOldGen       total 503808K, used 503587K [0x0000000080000000, 0x000000009ec00000, 0x00000000d5580000)
  object space 503808K, 99% used [0x0000000080000000,0x000000009ebc8f98,0x000000009ec00000)
 Metaspace       used 81560K, committed 83200K, reserved 1179648K
  class space    used 8605K, committed 9344K, reserved 1048576K
}
Event: 487.637 GC heap after
{Heap after GC invocations=232 (full 3):
 PSYoungGen      total 4096K, used 2048K [0x00000000d5580000, 0x00000000d6000000, 0x0000000100000000)
  eden space 2048K, 0% used [0x00000000d5580000,0x00000000d5580000,0x00000000d5780000)
  from space 2048K, 100% used [0x00000000d5780000,0x00000000d5980000,0x00000000d5980000)
  to   space 4096K, 0% used [0x00000000d5c00000,0x00000000d5c00000,0x00000000d6000000)
 ParOldGen       total 505344K, used 505211K [0x0000000080000000, 0x000000009ed80000, 0x00000000d5580000)
  object space 505344K, 99% used [0x0000000080000000,0x000000009ed5ef98,0x000000009ed80000)
 Metaspace       used 81560K, committed 83200K, reserved 1179648K
  class space    used 8605K, committed 9344K, reserved 1048576K
}
Event: 487.642 GC heap before
{Heap before GC invocations=233 (full 3):
 PSYoungGen      total 4096K, used 4007K [0x00000000d5580000, 0x00000000d6000000, 0x0000000100000000)
  eden space 2048K, 95% used [0x00000000d5580000,0x00000000d5769e00,0x00000000d5780000)
  from space 2048K, 100% used [0x00000000d5780000,0x00000000d5980000,0x00000000d5980000)
  to   space 4096K, 0% used [0x00000000d5c00000,0x00000000d5c00000,0x00000000d6000000)
 ParOldGen       total 505344K, used 505211K [0x0000000080000000, 0x000000009ed80000, 0x00000000d5580000)
  object space 505344K, 99% used [0x0000000080000000,0x000000009ed5ef98,0x000000009ed80000)
 Metaspace       used 81560K, committed 83200K, reserved 1179648K
  class space    used 8605K, committed 9344K, reserved 1048576K
}
Event: 487.645 GC heap after
{Heap after GC invocations=233 (full 3):
 PSYoungGen      total 4608K, used 1981K [0x00000000d5580000, 0x00000000d5e00000, 0x0000000100000000)
  eden space 2560K, 0% used [0x00000000d5580000,0x00000000d5580000,0x00000000d5800000)
  from space 2048K, 96% used [0x00000000d5c00000,0x00000000d5def600,0x00000000d5e00000)
  to   space 3072K, 0% used [0x00000000d5800000,0x00000000d5800000,0x00000000d5b00000)
 ParOldGen       total 507392K, used 507259K [0x0000000080000000, 0x000000009ef80000, 0x00000000d5580000)
  object space 507392K, 99% used [0x0000000080000000,0x000000009ef5ef98,0x000000009ef80000)
 Metaspace       used 81560K, committed 83200K, reserved 1179648K
  class space    used 8605K, committed 9344K, reserved 1048576K
}
Event: 487.657 GC heap before
{Heap before GC invocations=234 (full 3):
 PSYoungGen      total 4608K, used 4397K [0x00000000d5580000, 0x00000000d5e00000, 0x0000000100000000)
  eden space 2560K, 94% used [0x00000000d5580000,0x00000000d57dbfa8,0x00000000d5800000)
  from space 2048K, 96% used [0x00000000d5c00000,0x00000000d5def600,0x00000000d5e00000)
  to   space 3072K, 0% used [0x00000000d5800000,0x00000000d5800000,0x00000000d5b00000)
 ParOldGen       total 507392K, used 507259K [0x0000000080000000, 0x000000009ef80000, 0x00000000d5580000)
  object space 507392K, 99% used [0x0000000080000000,0x000000009ef5ef98,0x000000009ef80000)
 Metaspace       used 81560K, committed 83200K, reserved 1179648K
  class space    used 8605K, committed 9344K, reserved 1048576K
}
Event: 487.660 GC heap after
{Heap after GC invocations=234 (full 3):
 PSYoungGen      total 5632K, used 2348K [0x00000000d5580000, 0x00000000d5d80000, 0x0000000100000000)
  eden space 2560K, 0% used [0x00000000d5580000,0x00000000d5580000,0x00000000d5800000)
  from space 3072K, 76% used [0x00000000d5800000,0x00000000d5a4b000,0x00000000d5b00000)
  to   space 2560K, 0% used [0x00000000d5b00000,0x00000000d5b00000,0x00000000d5d80000)
 ParOldGen       total 509440K, used 508931K [0x0000000080000000, 0x000000009f180000, 0x00000000d5580000)
  object space 509440K, 99% used [0x0000000080000000,0x000000009f100f98,0x000000009f180000)
 Metaspace       used 81560K, committed 83200K, reserved 1179648K
  class space    used 8605K, committed 9344K, reserved 1048576K
}
Event: 487.696 GC heap before
{Heap before GC invocations=235 (full 3):
 PSYoungGen      total 5632K, used 4908K [0x00000000d5580000, 0x00000000d5d80000, 0x0000000100000000)
  eden space 2560K, 100% used [0x00000000d5580000,0x00000000d5800000,0x00000000d5800000)
  from space 3072K, 76% used [0x00000000d5800000,0x00000000d5a4b000,0x00000000d5b00000)
  to   space 2560K, 0% used [0x00000000d5b00000,0x00000000d5b00000,0x00000000d5d80000)
 ParOldGen       total 509440K, used 508931K [0x0000000080000000, 0x000000009f180000, 0x00000000d5580000)
  object space 509440K, 99% used [0x0000000080000000,0x000000009f100f98,0x000000009f180000)
 Metaspace       used 81561K, committed 83200K, reserved 1179648K
  class space    used 8605K, committed 9344K, reserved 1048576K
}
Event: 487.700 GC heap after
{Heap after GC invocations=235 (full 3):
 PSYoungGen      total 5632K, used 2440K [0x00000000d5580000, 0x00000000d5d80000, 0x0000000100000000)
  eden space 3072K, 0% used [0x00000000d5580000,0x00000000d5580000,0x00000000d5880000)
  from space 2560K, 95% used [0x00000000d5b00000,0x00000000d5d622e0,0x00000000d5d80000)
  to   space 2560K, 0% used [0x00000000d5880000,0x00000000d5880000,0x00000000d5b00000)
 ParOldGen       total 510464K, used 510449K [0x0000000080000000, 0x000000009f280000, 0x00000000d5580000)
  object space 510464K, 99% used [0x0000000080000000,0x000000009f27c798,0x000000009f280000)
 Metaspace       used 81561K, committed 83200K, reserved 1179648K
  class space    used 8605K, committed 9344K, reserved 1048576K
}
Event: 487.704 GC heap before
{Heap before GC invocations=236 (full 3):
 PSYoungGen      total 5632K, used 5497K [0x00000000d5580000, 0x00000000d5d80000, 0x0000000100000000)
  eden space 3072K, 99% used [0x00000000d5580000,0x00000000d587c3d8,0x00000000d5880000)
  from space 2560K, 95% used [0x00000000d5b00000,0x00000000d5d622e0,0x00000000d5d80000)
  to   space 2560K, 0% used [0x00000000d5880000,0x00000000d5880000,0x00000000d5b00000)
 ParOldGen       total 510464K, used 510449K [0x0000000080000000, 0x000000009f280000, 0x00000000d5580000)
  object space 510464K, 99% used [0x0000000080000000,0x000000009f27c798,0x000000009f280000)
 Metaspace       used 81561K, committed 83200K, reserved 1179648K
  class space    used 8605K, committed 9344K, reserved 1048576K
}
Event: 487.708 GC heap after
{Heap after GC invocations=236 (full 3):
 PSYoungGen      total 5632K, used 2555K [0x00000000d5580000, 0x00000000d6480000, 0x0000000100000000)
  eden space 3072K, 0% used [0x00000000d5580000,0x00000000d5580000,0x00000000d5880000)
  from space 2560K, 99% used [0x00000000d5880000,0x00000000d5afedf0,0x00000000d5b00000)
  to   space 5632K, 0% used [0x00000000d5f00000,0x00000000d5f00000,0x00000000d6480000)
 ParOldGen       total 513536K, used 513050K [0x0000000080000000, 0x000000009f580000, 0x00000000d5580000)
  object space 513536K, 99% used [0x0000000080000000,0x000000009f506a78,0x000000009f580000)
 Metaspace       used 81561K, committed 83200K, reserved 1179648K
  class space    used 8605K, committed 9344K, reserved 1048576K
}
Event: 487.713 GC heap before
{Heap before GC invocations=237 (full 3):
 PSYoungGen      total 5632K, used 5627K [0x00000000d5580000, 0x00000000d6480000, 0x0000000100000000)
  eden space 3072K, 100% used [0x00000000d5580000,0x00000000d5880000,0x00000000d5880000)
  from space 2560K, 99% used [0x00000000d5880000,0x00000000d5afedf0,0x00000000d5b00000)
  to   space 5632K, 0% used [0x00000000d5f00000,0x00000000d5f00000,0x00000000d6480000)
 ParOldGen       total 513536K, used 513050K [0x0000000080000000, 0x000000009f580000, 0x00000000d5580000)
  object space 513536K, 99% used [0x0000000080000000,0x000000009f506a78,0x000000009f580000)
 Metaspace       used 81562K, committed 83200K, reserved 1179648K
  class space    used 8605K, committed 9344K, reserved 1048576K
}
Event: 487.717 GC heap after
{Heap after GC invocations=237 (full 3):
 PSYoungGen      total 7680K, used 3211K [0x00000000d5580000, 0x00000000d6280000, 0x0000000100000000)
  eden space 4096K, 0% used [0x00000000d5580000,0x00000000d5580000,0x00000000d5980000)
  from space 3584K, 89% used [0x00000000d5f00000,0x00000000d6222c98,0x00000000d6280000)
  to   space 4096K, 0% used [0x00000000d5a80000,0x00000000d5a80000,0x00000000d5e80000)
 ParOldGen       total 515584K, used 515508K [0x0000000080000000, 0x000000009f780000, 0x00000000d5580000)
  object space 515584K, 99% used [0x0000000080000000,0x000000009f76d3c8,0x000000009f780000)
 Metaspace       used 81562K, committed 83200K, reserved 1179648K
  class space    used 8605K, committed 9344K, reserved 1048576K
}
Event: 487.735 GC heap before
{Heap before GC invocations=238 (full 3):
 PSYoungGen      total 7680K, used 7307K [0x00000000d5580000, 0x00000000d6280000, 0x0000000100000000)
  eden space 4096K, 100% used [0x00000000d5580000,0x00000000d5980000,0x00000000d5980000)
  from space 3584K, 89% used [0x00000000d5f00000,0x00000000d6222c98,0x00000000d6280000)
  to   space 4096K, 0% used [0x00000000d5a80000,0x00000000d5a80000,0x00000000d5e80000)
 ParOldGen       total 515584K, used 515508K [0x0000000080000000, 0x000000009f780000, 0x00000000d5580000)
  object space 515584K, 99% used [0x0000000080000000,0x000000009f76d3c8,0x000000009f780000)
 Metaspace       used 81574K, committed 83200K, reserved 1179648K
  class space    used 8606K, committed 9344K, reserved 1048576K
}
Event: 487.739 GC heap after
{Heap after GC invocations=238 (full 3):
 PSYoungGen      total 8192K, used 2870K [0x00000000d5580000, 0x00000000d6180000, 0x0000000100000000)
  eden space 5120K, 0% used [0x00000000d5580000,0x00000000d5580000,0x00000000d5a80000)
  from space 3072K, 93% used [0x00000000d5a80000,0x00000000d5d4d948,0x00000000d5d80000)
  to   space 3584K, 0% used [0x00000000d5e00000,0x00000000d5e00000,0x00000000d6180000)
 ParOldGen       total 518656K, used 518591K [0x0000000080000000, 0x000000009fa80000, 0x00000000d5580000)
  object space 518656K, 99% used [0x0000000080000000,0x000000009fa6feb8,0x000000009fa80000)
 Metaspace       used 81574K, committed 83200K, reserved 1179648K
  class space    used 8606K, committed 9344K, reserved 1048576K
}
Event: 487.922 GC heap before
{Heap before GC invocations=239 (full 3):
 PSYoungGen      total 8192K, used 7990K [0x00000000d5580000, 0x00000000d6180000, 0x0000000100000000)
  eden space 5120K, 100% used [0x00000000d5580000,0x00000000d5a80000,0x00000000d5a80000)
  from space 3072K, 93% used [0x00000000d5a80000,0x00000000d5d4d948,0x00000000d5d80000)
  to   space 3584K, 0% used [0x00000000d5e00000,0x00000000d5e00000,0x00000000d6180000)
 ParOldGen       total 677376K, used 672191K [0x0000000080000000, 0x00000000a9580000, 0x00000000d5580000)
  object space 677376K, 99% used [0x0000000080000000,0x00000000a906ffa8,0x00000000a9580000)
 Metaspace       used 81597K, committed 83200K, reserved 1179648K
  class space    used 8606K, committed 9344K, reserved 1048576K
}
Event: 487.925 GC heap after
{Heap after GC invocations=239 (full 3):
 PSYoungGen      total 6656K, used 480K [0x00000000d5580000, 0x00000000d5e80000, 0x0000000100000000)
  eden space 6144K, 0% used [0x00000000d5580000,0x00000000d5580000,0x00000000d5b80000)
  from space 512K, 93% used [0x00000000d5e00000,0x00000000d5e78000,0x00000000d5e80000)
  to   space 1536K, 0% used [0x00000000d5b80000,0x00000000d5b80000,0x00000000d5d00000)
 ParOldGen       total 677376K, used 674095K [0x0000000080000000, 0x00000000a9580000, 0x00000000d5580000)
  object space 677376K, 99% used [0x0000000080000000,0x00000000a924bfa8,0x00000000a9580000)
 Metaspace       used 81597K, committed 83200K, reserved 1179648K
  class space    used 8606K, committed 9344K, reserved 1048576K
}
Event: 488.023 GC heap before
{Heap before GC invocations=240 (full 3):
 PSYoungGen      total 6656K, used 6624K [0x00000000d5580000, 0x00000000d5e80000, 0x0000000100000000)
  eden space 6144K, 100% used [0x00000000d5580000,0x00000000d5b80000,0x00000000d5b80000)
  from space 512K, 93% used [0x00000000d5e00000,0x00000000d5e78000,0x00000000d5e80000)
  to   space 1536K, 0% used [0x00000000d5b80000,0x00000000d5b80000,0x00000000d5d00000)
 ParOldGen       total 677376K, used 674095K [0x0000000080000000, 0x00000000a9580000, 0x00000000d5580000)
  object space 677376K, 99% used [0x0000000080000000,0x00000000a924bfa8,0x00000000a9580000)
 Metaspace       used 81597K, committed 83200K, reserved 1179648K
  class space    used 8606K, committed 9344K, reserved 1048576K
}
Event: 488.024 GC heap after
{Heap after GC invocations=240 (full 3):
 PSYoungGen      total 7680K, used 448K [0x00000000d5580000, 0x00000000d5e80000, 0x0000000100000000)
  eden space 6144K, 0% used [0x00000000d5580000,0x00000000d5580000,0x00000000d5b80000)
  from space 1536K, 29% used [0x00000000d5b80000,0x00000000d5bf0000,0x00000000d5d00000)
  to   space 1024K, 0% used [0x00000000d5d80000,0x00000000d5d80000,0x00000000d5e80000)
 ParOldGen       total 677376K, used 674323K [0x0000000080000000, 0x00000000a9580000, 0x00000000d5580000)
  object space 677376K, 99% used [0x0000000080000000,0x00000000a9284fb8,0x00000000a9580000)
 Metaspace       used 81597K, committed 83200K, reserved 1179648K
  class space    used 8606K, committed 9344K, reserved 1048576K
}
Event: 725.275 GC heap before
{Heap before GC invocations=241 (full 3):
 PSYoungGen      total 7680K, used 6592K [0x00000000d5580000, 0x00000000d5e80000, 0x0000000100000000)
  eden space 6144K, 100% used [0x00000000d5580000,0x00000000d5b80000,0x00000000d5b80000)
  from space 1536K, 29% used [0x00000000d5b80000,0x00000000d5bf0000,0x00000000d5d00000)
  to   space 1024K, 0% used [0x00000000d5d80000,0x00000000d5d80000,0x00000000d5e80000)
 ParOldGen       total 677376K, used 674323K [0x0000000080000000, 0x00000000a9580000, 0x00000000d5580000)
  object space 677376K, 99% used [0x0000000080000000,0x00000000a9284fb8,0x00000000a9580000)
 Metaspace       used 81665K, committed 83328K, reserved 1179648K
  class space    used 8617K, committed 9344K, reserved 1048576K
}
Event: 725.373 GC heap after
{Heap after GC invocations=241 (full 3):
 PSYoungGen      total 7168K, used 515K [0x00000000d5580000, 0x00000000d5e80000, 0x0000000100000000)
  eden space 6144K, 0% used [0x00000000d5580000,0x00000000d5580000,0x00000000d5b80000)
  from space 1024K, 50% used [0x00000000d5d80000,0x00000000d5e00fc0,0x00000000d5e80000)
  to   space 1024K, 0% used [0x00000000d5c80000,0x00000000d5c80000,0x00000000d5d80000)
 ParOldGen       total 677376K, used 674403K [0x0000000080000000, 0x00000000a9580000, 0x00000000d5580000)
  object space 677376K, 99% used [0x0000000080000000,0x00000000a9298fb8,0x00000000a9580000)
 Metaspace       used 81665K, committed 83328K, reserved 1179648K
  class space    used 8617K, committed 9344K, reserved 1048576K
}

