<?xml version="1.0" encoding="UTF-8"?>
<testsuite xmlns:xsi="http://www.w3.org/2001/XMLSchema-instance" xsi:noNamespaceSchemaLocation="https://maven.apache.org/surefire/maven-surefire-plugin/xsd/surefire-test-report-3.0.xsd" version="3.0" name="pe.unas.demoapi.DemoapiApplicationTests" time="9.182" tests="1" errors="0" skipped="0" failures="0">
  <properties>
[...]
</properties>
  <testcase name="contextLoads" classname="pe.unas.demoapi.DemoapiApplicationTests" time="2.259">
    <system-out><![CDATA[08:24:24.620 [main] INFO org.springframework.test.context.support.AnnotationConfigContextLoaderUtils -- Could not detect default configuration classes for test class [pe.unas.demoapi.DemoapiApplicationTests]: DemoapiApplicationTests does not declare any static, non-private, non-final, nested classes annotated with @Configuration.
08:24:24.816 [main] INFO org.springframework.boot.test.context.SpringBootTestContextBootstrapper -- Found @SpringBootConfiguration pe.unas.demoapi.DemoapiApplication for test class pe.unas.demoapi.DemoapiApplicationTests

  .   ____          _            __ _ _
 /\\ / ___'_ __ _ _(_)_ __  __ _ \ \ \ \
( ( )\___ | '_ | '_| | '_ \/ _` | \ \ \ \
 \\/  ___)| |_)| | | | | || (_| |  ) ) ) )
  '  |____| .__|_| |_|_| |_\__, | / / / /
 =========|_|==============|___/=/_/_/_/
 :: Spring Boot ::                (v3.2.5)

2026-05-21T08:24:25.896-05:00  INFO 8584 --- [           main] p.unas.demoapi.DemoapiApplicationTests   : Starting DemoapiApplicationTests using Java 24.0.2 with PID 8584 (started by Anali in C:\Users\Anali\Downloads\Construcción de Sw II\practica12)
2026-05-21T08:24:25.905-05:00  INFO 8584 --- [           main] p.unas.demoapi.DemoapiApplicationTests   : No active profile set, falling back to 1 default profile: "default"
2026-05-21T08:24:31.180-05:00  INFO 8584 --- [           main] p.unas.demoapi.DemoapiApplicationTests   : Started DemoapiApplicationTests in 6.002 seconds (process running for 8.498)
]]></system-out>
    <system-err><![CDATA[WARNING: A Java agent has been loaded dynamically (C:\Users\Anali\.m2\repository\net\bytebuddy\byte-buddy-agent\1.14.13\byte-buddy-agent-1.14.13.jar)
WARNING: If a serviceability tool is in use, please run with -XX:+EnableDynamicAgentLoading to hide this warning
WARNING: If a serviceability tool is not in use, please run with -Djdk.instrument.traceUsage for more information
WARNING: Dynamic loading of agents will be disallowed by default in a future release
]]></system-err>
  </testcase>
</testsuite>