<?xml version="1.0" encoding="UTF-8"?>
<testsuite xmlns:xsi="http://www.w3.org/2001/XMLSchema-instance" xsi:noNamespaceSchemaLocation="https://maven.apache.org/surefire/maven-surefire-plugin/xsd/surefire-test-report-3.0.xsd" version="3.0" name="pe.unas.demoapi.NotaServiceTest" time="0.023" tests="5" errors="0" skipped="0" failures="0">
  <properties>
[...]
</properties>
  <testcase name="determinaAprobadoCuandoPromedioEsMayorOIgualA105" classname="pe.unas.demoapi.NotaServiceTest" time="0.002"/>
  <testcase name="calculaPromedioPonderado" classname="pe.unas.demoapi.NotaServiceTest" time="0.003"/>
  <testcase name="determinaDesaprobadoCuandoPromedioEsMenorA105" classname="pe.unas.demoapi.NotaServiceTest" time="0.002"/>
  <testcase name="rechazaNotasFueraDeRango" classname="pe.unas.demoapi.NotaServiceTest" time="0.003"/>
  <testcase name="calculaPromedioSimple" classname="pe.unas.demoapi.NotaServiceTest" time="0.001"/>
</testsuite>