<?xml version="1.0" encoding="UTF-8"?>
<testsuite xmlns:xsi="http://www.w3.org/2001/XMLSchema-instance" xsi:noNamespaceSchemaLocation="https://maven.apache.org/surefire/maven-surefire-plugin/xsd/surefire-test-report-3.0.xsd" version="3.0" name="pe.unas.demoapi.InternacionalizacionControllerTest" time="4.335" tests="9" errors="0" skipped="0" failures="0">
  <properties>
[...]
</properties>
  <testcase name="debeResponderSaludoHeaderEnEspanol" classname="pe.unas.demoapi.InternacionalizacionControllerTest" time="1.397">
    <system-out><![CDATA[09:29:21.778 [main] INFO org.springframework.test.context.support.AnnotationConfigContextLoaderUtils -- Could not detect default configuration classes for test class [pe.unas.demoapi.InternacionalizacionControllerTest]: InternacionalizacionControllerTest does not declare any static, non-private, non-final, nested classes annotated with @Configuration.
09:29:21.935 [main] INFO org.springframework.boot.test.context.SpringBootTestContextBootstrapper -- Found @SpringBootConfiguration pe.unas.demoapi.ExamenParcial1ConstSw2Application for test class pe.unas.demoapi.InternacionalizacionControllerTest

  .   ____          _            __ _ _
 /\\ / ___'_ __ _ _(_)_ __  __ _ \ \ \ \
( ( )\___ | '_ | '_| | '_ \/ _` | \ \ \ \
 \\/  ___)| |_)| | | | | || (_| |  ) ) ) )
  '  |____| .__|_| |_|_| |_\__, | / / / /
 =========|_|==============|___/=/_/_/_/
 :: Spring Boot ::                (v3.2.5)

2026-06-16T09:29:22.547-05:00  INFO 20388 --- [examen-parcial1-const-sw2] [           main] p.u.d.InternacionalizacionControllerTest : Starting InternacionalizacionControllerTest using Java 17.0.18 with PID 20388 (started by contr in C:\UNAS\2026-I\CONSTRUCCION_SOFTWARE_II\CLASESPRACTICAS\sesion21\demoapi)
2026-06-16T09:29:22.553-05:00  INFO 20388 --- [examen-parcial1-const-sw2] [           main] p.u.d.InternacionalizacionControllerTest : No active profile set, falling back to 1 default profile: "default"
2026-06-16T09:29:24.317-05:00  INFO 20388 --- [examen-parcial1-const-sw2] [           main] o.s.b.t.m.w.SpringBootMockServletContext : Initializing Spring TestDispatcherServlet ''
2026-06-16T09:29:24.322-05:00  INFO 20388 --- [examen-parcial1-const-sw2] [           main] o.s.t.web.servlet.TestDispatcherServlet  : Initializing Servlet ''
2026-06-16T09:29:24.322-05:00  INFO 20388 --- [examen-parcial1-const-sw2] [           main] o.s.t.web.servlet.TestDispatcherServlet  : Completed initialization in 0 ms
2026-06-16T09:29:24.356-05:00  INFO 20388 --- [examen-parcial1-const-sw2] [           main] p.u.d.InternacionalizacionControllerTest : Started InternacionalizacionControllerTest in 2.201 seconds (process running for 3.571)
]]></system-out>
  </testcase>
  <testcase name="debeResponderIdiomaEnIngles" classname="pe.unas.demoapi.InternacionalizacionControllerTest" time="0.025"/>
  <testcase name="debeResponderEvaluacionEnIngles" classname="pe.unas.demoapi.InternacionalizacionControllerTest" time="0.008"/>
  <testcase name="debeResponderSaludoEnEspanol" classname="pe.unas.demoapi.InternacionalizacionControllerTest" time="0.0"/>
  <testcase name="debeResponderSaludoEnIngles" classname="pe.unas.demoapi.InternacionalizacionControllerTest" time="0.014"/>
  <testcase name="debeResponderCursoEnEspanol" classname="pe.unas.demoapi.InternacionalizacionControllerTest" time="0.006"/>
  <testcase name="debeResponderEvaluacionEnEspanol" classname="pe.unas.demoapi.InternacionalizacionControllerTest" time="0.006"/>
  <testcase name="debeResponderCursoEnIngles" classname="pe.unas.demoapi.InternacionalizacionControllerTest" time="0.002"/>
  <testcase name="debeResponderSaludoHeaderEnIngles" classname="pe.unas.demoapi.InternacionalizacionControllerTest" time="0.001"/>
</testsuite>