<?xml version="1.0" encoding="UTF-8"?>
<testsuite xmlns:xsi="http://www.w3.org/2001/XMLSchema-instance" xsi:noNamespaceSchemaLocation="https://maven.apache.org/surefire/maven-surefire-plugin/xsd/surefire-test-report-3.0.xsd" version="3.0" name="pe.unas.demoapi.presentation.ProductoControllerIntegrationTest" time="3.119" tests="5" errors="0" skipped="0" failures="0">
  <properties>
[...]
</properties>
  <testcase name="totalProductos_debeRetornarCantidadInicial" classname="pe.unas.demoapi.presentation.ProductoControllerIntegrationTest" time="0.303">
    <system-out><![CDATA[2026-05-21T09:26:27.791-05:00  INFO 3288 --- [           main] t.c.s.AnnotationConfigContextLoaderUtils : Could not detect default configuration classes for test class [pe.unas.demoapi.presentation.ProductoControllerIntegrationTest]: ProductoControllerIntegrationTest does not declare any static, non-private, non-final, nested classes annotated with @Configuration.
2026-05-21T09:26:27.824-05:00  INFO 3288 --- [           main] .b.t.c.SpringBootTestContextBootstrapper : Found @SpringBootConfiguration pe.unas.demoapi.DemoapiApplication for test class pe.unas.demoapi.presentation.ProductoControllerIntegrationTest

  .   ____          _            __ _ _
 /\\ / ___'_ __ _ _(_)_ __  __ _ \ \ \ \
( ( )\___ | '_ | '_| | '_ \/ _` | \ \ \ \
 \\/  ___)| |_)| | | | | || (_| |  ) ) ) )
  '  |____| .__|_| |_|_| |_\__, | / / / /
 =========|_|==============|___/=/_/_/_/
 :: Spring Boot ::                (v3.2.5)

2026-05-21T09:26:27.897-05:00  INFO 3288 --- [           main] .u.d.p.ProductoControllerIntegrationTest : Starting ProductoControllerIntegrationTest using Java 24.0.2 with PID 3288 (started by Anali in C:\Users\Anali\Downloads\Construcción de Sw II\practica12)
2026-05-21T09:26:27.898-05:00  INFO 3288 --- [           main] .u.d.p.ProductoControllerIntegrationTest : No active profile set, falling back to 1 default profile: "default"
2026-05-21T09:26:28.381-05:00  INFO 3288 --- [           main] o.s.b.t.m.w.SpringBootMockServletContext : Initializing Spring TestDispatcherServlet ''
2026-05-21T09:26:28.382-05:00  INFO 3288 --- [           main] o.s.t.web.servlet.TestDispatcherServlet  : Initializing Servlet ''
2026-05-21T09:26:28.383-05:00  INFO 3288 --- [           main] o.s.t.web.servlet.TestDispatcherServlet  : Completed initialization in 0 ms
2026-05-21T09:26:28.398-05:00  INFO 3288 --- [           main] .u.d.p.ProductoControllerIntegrationTest : Started ProductoControllerIntegrationTest in 0.564 seconds (process running for 9.893)
]]></system-out>
  </testcase>
  <testcase name="eliminarProducto_debeRetirarProductoDeLaLista" classname="pe.unas.demoapi.presentation.ProductoControllerIntegrationTest" time="0.29">
    <system-out><![CDATA[
  .   ____          _            __ _ _
 /\\ / ___'_ __ _ _(_)_ __  __ _ \ \ \ \
( ( )\___ | '_ | '_| | '_ \/ _` | \ \ \ \
 \\/  ___)| |_)| | | | | || (_| |  ) ) ) )
  '  |____| .__|_| |_|_| |_\__, | / / / /
 =========|_|==============|___/=/_/_/_/
 :: Spring Boot ::                (v3.2.5)

2026-05-21T09:26:28.752-05:00  INFO 3288 --- [           main] .u.d.p.ProductoControllerIntegrationTest : Starting ProductoControllerIntegrationTest using Java 24.0.2 with PID 3288 (started by Anali in C:\Users\Anali\Downloads\Construcción de Sw II\practica12)
2026-05-21T09:26:28.752-05:00  INFO 3288 --- [           main] .u.d.p.ProductoControllerIntegrationTest : No active profile set, falling back to 1 default profile: "default"
2026-05-21T09:26:29.138-05:00  INFO 3288 --- [           main] o.s.b.t.m.w.SpringBootMockServletContext : Initializing Spring TestDispatcherServlet ''
2026-05-21T09:26:29.138-05:00  INFO 3288 --- [           main] o.s.t.web.servlet.TestDispatcherServlet  : Initializing Servlet ''
2026-05-21T09:26:29.139-05:00  INFO 3288 --- [           main] o.s.t.web.servlet.TestDispatcherServlet  : Completed initialization in 1 ms
2026-05-21T09:26:29.145-05:00  INFO 3288 --- [           main] .u.d.p.ProductoControllerIntegrationTest : Started ProductoControllerIntegrationTest in 0.429 seconds (process running for 10.641)
]]></system-out>
  </testcase>
  <testcase name="agregarProducto_debeRetornarMensajeYActualizarLista" classname="pe.unas.demoapi.presentation.ProductoControllerIntegrationTest" time="0.019">
    <system-out><![CDATA[
  .   ____          _            __ _ _
 /\\ / ___'_ __ _ _(_)_ __  __ _ \ \ \ \
( ( )\___ | '_ | '_| | '_ \/ _` | \ \ \ \
 \\/  ___)| |_)| | | | | || (_| |  ) ) ) )
  '  |____| .__|_| |_|_| |_\__, | / / / /
 =========|_|==============|___/=/_/_/_/
 :: Spring Boot ::                (v3.2.5)

2026-05-21T09:26:29.482-05:00  INFO 3288 --- [           main] .u.d.p.ProductoControllerIntegrationTest : Starting ProductoControllerIntegrationTest using Java 24.0.2 with PID 3288 (started by Anali in C:\Users\Anali\Downloads\Construcción de Sw II\practica12)
2026-05-21T09:26:29.483-05:00  INFO 3288 --- [           main] .u.d.p.ProductoControllerIntegrationTest : No active profile set, falling back to 1 default profile: "default"
2026-05-21T09:26:29.801-05:00  INFO 3288 --- [           main] o.s.b.t.m.w.SpringBootMockServletContext : Initializing Spring TestDispatcherServlet ''
2026-05-21T09:26:29.802-05:00  INFO 3288 --- [           main] o.s.t.web.servlet.TestDispatcherServlet  : Initializing Servlet ''
2026-05-21T09:26:29.803-05:00  INFO 3288 --- [           main] o.s.t.web.servlet.TestDispatcherServlet  : Completed initialization in 1 ms
2026-05-21T09:26:29.810-05:00  INFO 3288 --- [           main] .u.d.p.ProductoControllerIntegrationTest : Started ProductoControllerIntegrationTest in 0.369 seconds (process running for 11.306)
]]></system-out>
  </testcase>
  <testcase name="listarProductos_debeRetornarStatus200YListaInicial" classname="pe.unas.demoapi.presentation.ProductoControllerIntegrationTest" time="0.031">
    <system-out><![CDATA[
  .   ____          _            __ _ _
 /\\ / ___'_ __ _ _(_)_ __  __ _ \ \ \ \
( ( )\___ | '_ | '_| | '_ \/ _` | \ \ \ \
 \\/  ___)| |_)| | | | | || (_| |  ) ) ) )
  '  |____| .__|_| |_|_| |_\__, | / / / /
 =========|_|==============|___/=/_/_/_/
 :: Spring Boot ::                (v3.2.5)

2026-05-21T09:26:29.874-05:00  INFO 3288 --- [           main] .u.d.p.ProductoControllerIntegrationTest : Starting ProductoControllerIntegrationTest using Java 24.0.2 with PID 3288 (started by Anali in C:\Users\Anali\Downloads\Construcción de Sw II\practica12)
2026-05-21T09:26:29.875-05:00  INFO 3288 --- [           main] .u.d.p.ProductoControllerIntegrationTest : No active profile set, falling back to 1 default profile: "default"
2026-05-21T09:26:30.341-05:00  INFO 3288 --- [           main] o.s.b.t.m.w.SpringBootMockServletContext : Initializing Spring TestDispatcherServlet ''
2026-05-21T09:26:30.341-05:00  INFO 3288 --- [           main] o.s.t.web.servlet.TestDispatcherServlet  : Initializing Servlet ''
2026-05-21T09:26:30.343-05:00  INFO 3288 --- [           main] o.s.t.web.servlet.TestDispatcherServlet  : Completed initialization in 1 ms
2026-05-21T09:26:30.361-05:00  INFO 3288 --- [           main] .u.d.p.ProductoControllerIntegrationTest : Started ProductoControllerIntegrationTest in 0.526 seconds (process running for 11.856)
]]></system-out>
  </testcase>
  <testcase name="existeProducto_debeRetornarTrueCuandoExiste" classname="pe.unas.demoapi.presentation.ProductoControllerIntegrationTest" time="0.016">
    <system-out><![CDATA[
  .   ____          _            __ _ _
 /\\ / ___'_ __ _ _(_)_ __  __ _ \ \ \ \
( ( )\___ | '_ | '_| | '_ \/ _` | \ \ \ \
 \\/  ___)| |_)| | | | | || (_| |  ) ) ) )
  '  |____| .__|_| |_|_| |_\__, | / / / /
 =========|_|==============|___/=/_/_/_/
 :: Spring Boot ::                (v3.2.5)

2026-05-21T09:26:30.444-05:00  INFO 3288 --- [           main] .u.d.p.ProductoControllerIntegrationTest : Starting ProductoControllerIntegrationTest using Java 24.0.2 with PID 3288 (started by Anali in C:\Users\Anali\Downloads\Construcción de Sw II\practica12)
2026-05-21T09:26:30.445-05:00  INFO 3288 --- [           main] .u.d.p.ProductoControllerIntegrationTest : No active profile set, falling back to 1 default profile: "default"
2026-05-21T09:26:30.878-05:00  INFO 3288 --- [           main] o.s.b.t.m.w.SpringBootMockServletContext : Initializing Spring TestDispatcherServlet ''
2026-05-21T09:26:30.878-05:00  INFO 3288 --- [           main] o.s.t.web.servlet.TestDispatcherServlet  : Initializing Servlet ''
2026-05-21T09:26:30.879-05:00  INFO 3288 --- [           main] o.s.t.web.servlet.TestDispatcherServlet  : Completed initialization in 0 ms
2026-05-21T09:26:30.886-05:00  INFO 3288 --- [           main] .u.d.p.ProductoControllerIntegrationTest : Started ProductoControllerIntegrationTest in 0.485 seconds (process running for 12.382)
]]></system-out>
  </testcase>
</testsuite>